<?xml version="1.0" encoding="UTF-8"?>
<robot generator="Robot 4.0.3 (Python 3.9.6 on win32)" generated="20210701 21:54:59.908" rpa="false" schemaversion="2">
<suite id="s1" name="Mobile Automation" source="C:\Users\thyag\OneDrive\Área de Trabalho\robotcurso\tests\mobile_automation.robot">
<test id="s1-t1" name="Cenário: Pesquisar cursos do robot">
<kw name="Abrir o aplicativo" type="SETUP">
<kw name="Open Application" library="AppiumLibrary">
<arg>http://localhost:4723/wd/hub</arg>
<arg>automationName=uiautomator2</arg>
<arg>platformName=Android</arg>
<arg>deviceName=0051221219</arg>
<arg>autoGrantPermissions=true</arg>
<arg>appPackage=com.google.android.youtube</arg>
<arg>appActivity=com.google.android.youtube.HomeActivity</arg>
<doc>Opens a new application to given Appium server.
Capabilities of appium server, Android and iOS,
Please check https://github.com/appium/appium/blob/master/docs/en/writing-running-appium/server-args.md
| *Option*            | *Man.* | *Description*     |
| remote_url          | Yes    | Appium server url |
| alias               | no     | alias             |</doc>
<status status="PASS" starttime="20210701 21:55:00.256" endtime="20210701 21:55:18.848"/>
</kw>
<status status="PASS" starttime="20210701 21:55:00.256" endtime="20210701 21:55:18.848"/>
</kw>
<kw name="Dado que o cliente esteja na tela home">
<kw name="Wait Until Element Is Visible" library="AppiumLibrary">
<arg>accessibility_id=YouTube</arg>
<doc>Waits until element specified with `locator` is visible.</doc>
<status status="PASS" starttime="20210701 21:55:18.849" endtime="20210701 21:55:26.892"/>
</kw>
<status status="PASS" starttime="20210701 21:55:18.849" endtime="20210701 21:55:26.892"/>
</kw>
<kw name="E pesquisa por &quot;robotframework&quot;" sourcename="E pesquisa por &quot;${PESQUISA}&quot;">
<kw name="Click Element" library="AppiumLibrary">
<arg>accessibility_id=Pesquisar</arg>
<doc>Click element identified by `locator`.</doc>
<msg timestamp="20210701 21:55:26.896" level="INFO">Clicking element 'accessibility_id=Pesquisar'.</msg>
<status status="PASS" starttime="20210701 21:55:26.894" endtime="20210701 21:55:27.054"/>
</kw>
<kw name="Input Text" library="AppiumLibrary">
<arg>id=com.google.android.youtube:id/search_edit_text</arg>
<arg>${PESQUISA}</arg>
<doc>Types the given `text` into text field identified by `locator`.</doc>
<msg timestamp="20210701 21:55:27.057" level="INFO">Typing text 'robotframework' into text field 'id=com.google.android.youtube:id/search_edit_text'</msg>
<status status="PASS" starttime="20210701 21:55:27.054" endtime="20210701 21:55:28.768"/>
</kw>
<status status="PASS" starttime="20210701 21:55:26.893" endtime="20210701 21:55:28.769"/>
</kw>
<kw name="Quando clicar em Pesquisar">
<kw name="Press Keycode" library="AppiumLibrary">
<arg>66</arg>
<doc>Sends a press of keycode to the device.</doc>
<status status="PASS" starttime="20210701 21:55:28.770" endtime="20210701 21:55:29.882"/>
</kw>
<status status="PASS" starttime="20210701 21:55:28.769" endtime="20210701 21:55:29.882"/>
</kw>
<kw name="Então serão apresentados vídeos sobre Robot Framework">
<kw name="Wait Until Element Is Visible" library="AppiumLibrary">
<arg>xpath=/hieraarchy/android.widget.FrameLayout/android.widget.LinearLayout/android.widget.FrameLayout/android.widget.LinearLayout/android.widget.FrameLayout/android.widget.FrameLayout/android.view.ViewGroup/android.widget.FrameLayout[2]/android.view.ViewGroup/android.view.ViewGroup/android.widget.FrameLayout[2]/android.widget.FrameLayout/android.support.v7.widget.RecyclerView/android.view.ViewGroup[3]/android.view.ViewGroup[1]</arg>
<doc>Waits until element specified with `locator` is visible.</doc>
<msg timestamp="20210701 21:55:35.731" level="INFO">&lt;?xml version='1.0' encoding='UTF-8' standalone='yes' ?&gt;
&lt;hierarchy index="0" class="hierarchy" rotation="0" width="720" height="1410"&gt;
  &lt;android.widget.FrameLayout index="0" package="com.google.android.youtube" class="android.widget.FrameLayout" text="" checkable="false" checked="false" clickable="false" enabled="true" focusable="false" focused="false" long-clickable="false" password="false" scrollable="false" selected="false" bounds="[0,0][720,1410]" displayed="true"&gt;
    &lt;android.widget.LinearLayout index="0" package="com.google.android.youtube" class="android.widget.LinearLayout" text="" checkable="false" checked="false" clickable="false" enabled="true" focusable="false" focused="false" long-clickable="false" password="false" scrollable="false" selected="false" bounds="[0,0][720,1410]" displayed="true"&gt;
      &lt;android.widget.FrameLayout index="0" package="com.google.android.youtube" class="android.widget.FrameLayout" text="" checkable="false" checked="false" clickable="false" enabled="true" focusable="false" focused="false" long-clickable="false" password="false" scrollable="false" selected="false" bounds="[0,0][720,1410]" displayed="true"&gt;
        &lt;android.widget.LinearLayout index="0" package="com.google.android.youtube" class="android.widget.LinearLayout" text="" resource-id="com.google.android.youtube:id/action_bar_root" checkable="false" checked="false" clickable="false" enabled="true" focusable="false" focused="false" long-clickable="false" password="false" scrollable="false" selected="false" bounds="[0,0][720,1410]" displayed="true"&gt;
          &lt;android.widget.FrameLayout index="0" package="com.google.android.youtube" class="android.widget.FrameLayout" text="" resource-id="android:id/content" checkable="false" checked="false" clickable="false" enabled="true" focusable="false" focused="false" long-clickable="false" password="false" scrollable="false" selected="false" bounds="[0,0][720,1410]" displayed="true"&gt;
            &lt;android.widget.FrameLayout index="0" package="com.google.android.youtube" class="android.widget.FrameLayout" text="" resource-id="com.google.android.youtube:id/slim_status_bar_player_container" checkable="false" checked="false" clickable="false" enabled="true" focusable="false" focused="false" long-clickable="false" password="false" scrollable="false" selected="false" bounds="[0,0][720,1410]" displayed="true"&gt;
              &lt;android.view.ViewGroup index="1" package="com.google.android.youtube" class="android.view.ViewGroup" text="" resource-id="com.google.android.youtube:id/navigation_bar_divider_frame" checkable="false" checked="false" clickable="false" enabled="true" focusable="false" focused="false" long-clickable="false" password="false" scrollable="false" selected="false" bounds="[0,62][720,1410]" displayed="true"&gt;
                &lt;android.widget.FrameLayout index="0" package="com.google.android.youtube" class="android.widget.FrameLayout" text="" resource-id="com.google.android.youtube:id/global_slim_status_bar_container" checkable="false" checked="false" clickable="false" enabled="true" focusable="false" focused="false" long-clickable="false" password="false" scrollable="false" selected="false" bounds="[0,62][720,1410]" displayed="true" /&gt;
                &lt;android.widget.FrameLayout index="1" package="com.google.android.youtube" class="android.widget.FrameLayout" text="" resource-id="com.google.android.youtube:id/accessibility_layer_container" checkable="false" checked="false" clickable="false" enabled="true" focusable="false" focused="false" long-clickable="false" password="false" scrollable="false" selected="false" bounds="[0,62][720,1410]" displayed="true"&gt;
                  &lt;android.view.ViewGroup index="0" package="com.google.android.youtube" class="android.view.ViewGroup" text="" resource-id="com.google.android.youtube:id/next_gen_watch_container_layout" checkable="false" checked="false" clickable="false" enabled="true" focusable="false" focused="false" long-clickable="false" password="false" scrollable="false" selected="false" bounds="[0,62][720,1410]" displayed="true"&gt;
                    &lt;android.view.ViewGroup index="0" package="com.google.android.youtube" class="android.view.ViewGroup" text="" resource-id="com.google.android.youtube:id/watch_while_layout_coordinator_layout" checkable="false" checked="false" clickable="false" enabled="true" focusable="false" focused="false" long-clickable="false" password="false" scrollable="false" selected="false" bounds="[0,62][720,1410]" displayed="true"&gt;
                      &lt;android.widget.FrameLayout index="0" package="com.google.android.youtube" class="android.widget.FrameLayout" text="" resource-id="com.google.android.youtube:id/fab_container" checkable="false" checked="false" clickable="false" enabled="true" focusable="false" focused="false" long-clickable="false" password="false" scrollable="false" selected="false" bounds="[0,62][720,1410]" displayed="true" /&gt;
                      &lt;android.widget.LinearLayout index="1" package="com.google.android.youtube" class="android.widget.LinearLayout" text="" resource-id="com.google.android.youtube:id/appbar_layout" checkable="false" checked="false" clickable="false" enabled="true" focusable="false" focused="false" long-clickable="false" password="false" scrollable="false" selected="false" bounds="[0,62][720,158]" displayed="true"&gt;
                        &lt;android.widget.FrameLayout index="0" package="com.google.android.youtube" class="android.widget.FrameLayout" text="" resource-id="com.google.android.youtube:id/toolbar_container" checkable="false" checked="false" clickable="false" enabled="true" focusable="false" focused="false" long-clickable="false" password="false" scrollable="false" selected="false" bounds="[0,62][720,158]" displayed="true"&gt;
                          &lt;android.view.ViewGroup index="0" package="com.google.android.youtube" class="android.view.ViewGroup" text="" resource-id="com.google.android.youtube:id/toolbar" checkable="false" checked="false" clickable="false" enabled="true" focusable="false" focused="false" long-clickable="false" password="false" scrollable="false" selected="false" bounds="[0,62][720,158]" displayed="true"&gt;
                            &lt;android.widget.ImageButton index="0" package="com.google.android.youtube" class="android.widget.ImageButton" text="" content-desc="Navegar para cima" checkable="false" checked="false" clickable="true" enabled="true" focusable="true" focused="false" long-clickable="false" password="false" scrollable="false" selected="false" bounds="[0,62][112,158]" displayed="true" /&gt;
                            &lt;android.widget.LinearLayout index="1" package="com.google.android.youtube" class="android.widget.LinearLayout" text="" checkable="false" checked="false" clickable="false" enabled="true" focusable="false" focused="false" long-clickable="false" password="false" scrollable="false" selected="false" bounds="[144,62][624,158]" displayed="true"&gt;
                              &lt;android.widget.TextView index="0" package="com.google.android.youtube" class="android.widget.TextView" text="robotframework" resource-id="com.google.android.youtube:id/search_query" checkable="false" checked="false" clickable="true" enabled="true" focusable="true" focused="false" long-clickable="false" password="false" scrollable="false" selected="false" bounds="[144,62][528,158]" displayed="true" /&gt;
                              &lt;android.widget.ImageView index="1" package="com.google.android.youtube" class="android.widget.ImageView" text="" content-desc="Limpar" resource-id="com.google.android.youtube:id/search_clear" checkable="false" checked="false" clickable="true" enabled="true" focusable="true" focused="false" long-clickable="false" password="false" scrollable="false" selected="false" bounds="[528,62][624,158]" displayed="true" /&gt;
                            &lt;/android.widget.LinearLayout&gt;
                            &lt;android.support.v7.widget.LinearLayoutCompat index="2" package="com.google.android.youtube" class="android.support.v7.widget.LinearLayoutCompat" text="" checkable="false" checked="false" clickable="false" enabled="true" focusable="false" focused="false" long-clickable="false" password="false" scrollable="false" selected="false" bounds="[624,62][720,158]" displayed="true"&gt;
                              &lt;android.widget.ImageButton index="0" package="com.google.android.youtube" class="android.widget.ImageButton" text="" content-desc="Filtro" resource-id="com.google.android.youtube:id/menu_filter_results" checkable="false" checked="false" clickable="true" enabled="true" focusable="true" focused="false" long-clickable="false" password="false" scrollable="false" selected="false" bounds="[624,62][720,158]" displayed="true" /&gt;
                            &lt;/android.support.v7.widget.LinearLayoutCompat&gt;
                          &lt;/android.view.ViewGroup&gt;
                        &lt;/android.widget.FrameLayout&gt;
                      &lt;/android.widget.LinearLayout&gt;
                      &lt;android.widget.FrameLayout index="2" package="com.google.android.youtube" class="android.widget.FrameLayout" text="" resource-id="com.google.android.youtube:id/pane_fragment_container" checkable="false" checked="false" clickable="false" enabled="true" focusable="false" focused="false" long-clickable="false" password="false" scrollable="false" selected="false" bounds="[0,158][720,1410]" displayed="true"&gt;
                        &lt;android.widget.FrameLayout index="0" package="com.google.android.youtube" class="android.widget.FrameLayout" text="" resource-id="com.google.android.youtube:id/loading_layout" checkable="false" checked="false" clickable="false" enabled="true" focusable="false" focused="false" long-clickable="false" password="false" scrollable="false" selected="false" bounds="[0,158][720,1374]" displayed="true"&gt;
                          &lt;android.support.v7.widget.RecyclerView index="0" package="com.google.android.youtube" class="android.support.v7.widget.RecyclerView" text="" resource-id="com.google.android.youtube:id/results" checkable="false" checked="false" clickable="false" enabled="true" focusable="true" focused="false" long-clickable="false" password="false" scrollable="true" selected="false" bounds="[0,158][720,1374]" displayed="true"&gt;
                            &lt;android.view.ViewGroup index="0" package="com.google.android.youtube" class="android.view.ViewGroup" text="" checkable="false" checked="false" clickable="false" enabled="true" focusable="true" focused="false" long-clickable="false" password="false" scrollable="false" selected="false" bounds="[0,158][720,535]" displayed="true"&gt;
                              &lt;android.view.ViewGroup index="0" package="com.google.android.youtube" class="android.view.ViewGroup" text="" checkable="false" checked="false" clickable="true" enabled="true" focusable="true" focused="false" long-clickable="false" password="false" scrollable="false" selected="false" bounds="[32,174][636,235]" displayed="true" /&gt;
                              &lt;android.widget.ImageView index="1" package="com.google.android.youtube" class="android.widget.ImageView" text="" content-desc="Menu de ações" checkable="false" checked="false" clickable="true" enabled="true" focusable="true" focused="false" long-clickable="false" password="false" scrollable="false" selected="false" bounds="[668,174][704,210]" displayed="true" /&gt;
                              &lt;android.view.ViewGroup index="2" package="com.google.android.youtube" class="android.view.ViewGroup" text="" checkable="false" checked="false" clickable="true" enabled="true" focusable="true" focused="false" long-clickable="false" password="false" scrollable="false" selected="false" bounds="[32,243][688,343]" displayed="true" /&gt;
                              &lt;android.view.ViewGroup index="3" package="com.google.android.youtube" class="android.view.ViewGroup" text="" checkable="false" checked="false" clickable="false" enabled="true" focusable="false" focused="false" long-clickable="false" password="false" scrollable="false" selected="false" bounds="[32,351][720,431]" displayed="true"&gt;
                                &lt;android.view.ViewGroup index="0" package="com.google.android.youtube" class="android.view.ViewGroup" text="" checkable="false" checked="false" clickable="false" enabled="false" focusable="false" focused="false" long-clickable="false" password="false" scrollable="false" selected="false" bounds="[32,351][720,431]" displayed="true"&gt;
                                  &lt;android.support.v7.widget.RecyclerView index="0" package="com.google.android.youtube" class="android.support.v7.widget.RecyclerView" text="" checkable="false" checked="false" clickable="false" enabled="true" focusable="true" focused="false" long-clickable="false" password="false" scrollable="false" selected="false" bounds="[32,351][720,431]" displayed="true"&gt;
                                    &lt;android.view.ViewGroup index="0" package="com.google.android.youtube" class="android.view.ViewGroup" text="" checkable="false" checked="false" clickable="false" enabled="true" focusable="true" focused="false" long-clickable="false" password="false" scrollable="false" selected="false" bounds="[32,351][271,431]" displayed="true"&gt;
                                      &lt;android.view.ViewGroup index="0" package="com.google.android.youtube" class="android.view.ViewGroup" text="" checkable="false" checked="false" clickable="true" enabled="true" focusable="true" focused="false" long-clickable="false" password="false" scrollable="false" selected="false" bounds="[32,351][271,431]" displayed="true" /&gt;
                                    &lt;/android.view.ViewGroup&gt;
                                    &lt;android.view.ViewGroup index="1" package="com.google.android.youtube" class="android.view.ViewGroup" text="" checkable="false" checked="false" clickable="false" enabled="true" focusable="true" focused="false" long-clickable="false" password="false" scrollable="false" selected="false" bounds="[271,351][548,431]" displayed="true"&gt;
                                      &lt;android.view.ViewGroup index="0" package="com.google.android.youtube" class="android.view.ViewGroup" text="" checkable="false" checked="false" clickable="true" enabled="true" focusable="true" focused="false" long-clickable="false" password="false" scrollable="false" selected="false" bounds="[271,351][548,431]" displayed="true" /&gt;
                                    &lt;/android.view.ViewGroup&gt;
                                  &lt;/android.support.v7.widget.RecyclerView&gt;
                                &lt;/android.view.ViewGroup&gt;
                              &lt;/android.view.ViewGroup&gt;
                              &lt;android.view.ViewGroup index="4" package="com.google.android.youtube" class="android.view.ViewGroup" text="" checkable="false" checked="false" clickable="true" enabled="true" focusable="true" focused="false" long-clickable="false" password="false" scrollable="false" selected="false" bounds="[32,463][136,487]" displayed="true" /&gt;
                              &lt;android.view.ViewGroup index="5" package="com.google.android.youtube" class="android.view.ViewGroup" text="" checkable="false" checked="false" clickable="true" enabled="true" focusable="true" focused="false" long-clickable="false" password="false" scrollable="false" selected="false" bounds="[140,461][300,489]" displayed="true" /&gt;
                              &lt;android.view.ViewGroup index="6" package="com.google.android.youtube" class="android.view.ViewGroup" text="" checkable="false" checked="false" clickable="true" enabled="true" focusable="true" focused="false" long-clickable="false" password="false" scrollable="false" selected="false" bounds="[410,447][688,511]" displayed="true"&gt;
                                &lt;android.widget.ImageView index="0" package="com.google.android.youtube" class="android.widget.ImageView" text="" checkable="false" checked="false" clickable="false" enabled="true" focusable="false" focused="false" long-clickable="false" password="false" scrollable="false" selected="false" bounds="[626,459][666,499]" displayed="true" /&gt;
                              &lt;/android.view.ViewGroup&gt;
                            &lt;/android.view.ViewGroup&gt;
                            &lt;android.view.ViewGroup index="1" package="com.google.android.youtube" class="android.view.ViewGroup" text="" checkable="false" checked="false" clickable="false" enabled="true" focusable="false" focused="false" long-clickable="false" password="false" scrollable="false" selected="false" bounds="[0,535][720,563]" displayed="true" /&gt;
                            &lt;android.view.ViewGroup index="2" package="com.google.android.youtube" class="android.view.ViewGroup" text="" checkable="false" checked="false" clickable="false" enabled="true" focusable="true" focused="false" long-clickable="false" password="false" scrollable="false" selected="false" bounds="[0,563][720,1113]" displayed="true"&gt;
                              &lt;android.view.ViewGroup index="0" package="com.google.android.youtube" class="android.view.ViewGroup" text="" content-desc="QArentena 66: Robot Framework, por Mayara R. Fernandes - 2 horas e 49 minutos - Ir ao canal - Iterasys - 4,1 mil visualizações - Transmitido há 7 meses - assistir o vídeo" checkable="false" checked="false" clickable="true" enabled="true" focusable="true" focused="false" long-clickable="false" password="false" scrollable="false" selected="false" bounds="[0,563][720,1113]" displayed="true"&gt;
                                &lt;android.widget.ImageView index="0" package="com.google.android.youtube" class="android.widget.ImageView" text="" checkable="false" checked="false" clickable="false" enabled="true" focusable="false" focused="false" long-clickable="false" password="false" scrollable="false" selected="false" bounds="[0,563][720,961]" displayed="true" /&gt;
                                &lt;android.widget.ImageView index="1" package="com.google.android.youtube" class="android.widget.ImageView" text="" content-desc="Ir ao canal" checkable="false" checked="false" clickable="true" enabled="true" focusable="true" focused="false" long-clickable="false" password="false" scrollable="false" selected="false" bounds="[24,977][96,1049]" displayed="true" /&gt;
                                &lt;android.widget.ImageView index="2" package="com.google.android.youtube" class="android.widget.ImageView" text="" content-desc="Menu de ações" checkable="false" checked="false" clickable="true" enabled="true" focusable="true" focused="false" long-clickable="false" password="false" scrollable="false" selected="false" bounds="[668,977][704,1013]" displayed="true" /&gt;
                              &lt;/android.view.ViewGroup&gt;
                            &lt;/android.view.ViewGroup&gt;
                            &lt;android.view.ViewGroup index="3" package="com.google.android.youtube" class="android.view.ViewGroup" text="" checkable="false" checked="false" clickable="false" enabled="true" focusable="true" focused="false" long-clickable="false" password="false" scrollable="false" selected="false" bounds="[0,1113][720,1374]" displayed="true"&gt;
                              &lt;android.view.ViewGroup index="0" package="com.google.android.youtube" class="android.view.ViewGroup" text="" content-desc="BDD na prática com Robot Framework + Selenium - 22 minutos - Ir ao canal - Jose Ponto Cruz - 1,4 mil visualizações - há 5 meses - assistir o vídeo" checkable="false" checked="false" clickable="true" enabled="true" focusable="true" focused="false" long-clickable="false" password="false" scrollable="false" selected="false" bounds="[0,1113][720,1374]" displayed="true"&gt;
                                &lt;android.widget.ImageView index="0" package="com.google.android.youtube" class="android.widget.ImageView" text="" checkable="false" checked="false" clickable="false" enabled="true" focusable="false" focused="false" long-clickable="false" password="false" scrollable="false" selected="false" bounds="[0,1113][720,1374]" displayed="true" /&gt;
                              &lt;/android.view.ViewGroup&gt;
                            &lt;/android.view.ViewGroup&gt;
                          &lt;/android.support.v7.widget.RecyclerView&gt;
                        &lt;/android.widget.FrameLayout&gt;
                      &lt;/android.widget.FrameLayout&gt;
                    &lt;/android.view.ViewGroup&gt;
                  &lt;/android.view.ViewGroup&gt;
                  &lt;android.widget.LinearLayout index="1" package="com.google.android.youtube" class="android.widget.LinearLayout" text="" resource-id="com.google.android.youtube:id/bottom_bar_container" checkable="false" checked="false" clickable="false" enabled="true" focusable="false" focused="false" long-clickable="false" password="false" scrollable="false" selected="false" bounds="[0,1374][720,1410]" displayed="true"&gt;
                    &lt;android.widget.HorizontalScrollView index="0" package="com.google.android.youtube" class="android.widget.HorizontalScrollView" text="" resource-id="com.google.android.youtube:id/pivot_bar" checkable="false" checked="false" clickable="false" enabled="true" focusable="true" focused="false" long-clickable="false" password="false" scrollable="false" selected="false" bounds="[0,1374][720,1410]" displayed="true"&gt;
                      &lt;android.widget.LinearLayout index="0" package="com.google.android.youtube" class="android.widget.LinearLayout" text="" checkable="false" checked="false" clickable="false" enabled="true" focusable="false" focused="false" long-clickable="false" password="false" scrollable="false" selected="false" bounds="[0,1374][720,1410]" displayed="true"&gt;
                        &lt;android.widget.Button index="0" package="com.google.android.youtube" class="android.widget.Button" text="" content-desc="Início" checkable="false" checked="false" clickable="true" enabled="true" focusable="true" focused="true" long-clickable="false" password="false" scrollable="false" selected="true" bounds="[0,1374][144,1410]" displayed="true"&gt;
                          &lt;android.widget.ImageView index="0" package="com.google.android.youtube" class="android.widget.ImageView" text="" resource-id="com.google.android.youtube:id/image" checkable="false" checked="false" clickable="false" enabled="true" focusable="false" focused="false" long-clickable="false" password="false" scrollable="false" selected="true" bounds="[48,1384][96,1410]" displayed="true" /&gt;
                          &lt;android.widget.TextView index="1" package="com.google.android.youtube" class="android.widget.TextView" text="Início" resource-id="com.google.android.youtube:id/text" checkable="false" checked="false" clickable="false" enabled="true" focusable="false" focused="false" long-clickable="false" password="false" scrollable="false" selected="true" bounds="[47,1436][98,1460]" displayed="true" /&gt;
                        &lt;/android.widget.Button&gt;
                        &lt;android.widget.Button index="1" package="com.google.android.youtube" class="android.widget.Button" text="" content-desc="Explorar" checkable="false" checked="false" clickable="true" enabled="true" focusable="true" focused="false" long-clickable="false" password="false" scrollable="false" selected="false" bounds="[144,1374][288,1410]" displayed="true"&gt;
                          &lt;android.widget.ImageView index="0" package="com.google.android.youtube" class="android.widget.ImageView" text="" resource-id="com.google.android.youtube:id/image" checkable="false" checked="false" clickable="false" enabled="true" focusable="false" focused="false" long-clickable="false" password="false" scrollable="false" selected="false" bounds="[192,1384][240,1410]" displayed="true" /&gt;
                          &lt;android.widget.TextView index="1" package="com.google.android.youtube" class="android.widget.TextView" text="Explorar" resource-id="com.google.android.youtube:id/text" checkable="false" checked="false" clickable="false" enabled="true" focusable="false" focused="false" long-clickable="false" password="false" scrollable="false" selected="false" bounds="[178,1436][255,1460]" displayed="true" /&gt;
                        &lt;/android.widget.Button&gt;
                        &lt;android.widget.Button index="2" package="com.google.android.youtube" class="android.widget.Button" text="" content-desc="Criar" checkable="false" checked="false" clickable="true" enabled="true" focusable="true" focused="false" long-clickable="false" password="false" scrollable="false" selected="false" bounds="[288,1374][432,1410]" displayed="true"&gt;
                          &lt;android.widget.ImageView index="0" package="com.google.android.youtube" class="android.widget.ImageView" text="" resource-id="com.google.android.youtube:id/image" checkable="false" checked="false" clickable="false" enabled="true" focusable="false" focused="false" long-clickable="false" password="false" scrollable="false" selected="false" bounds="[324,1387][396,1410]" displayed="true" /&gt;
                        &lt;/android.widget.Button&gt;
                        &lt;android.widget.Button index="3" package="com.google.android.youtube" class="android.widget.Button" text="" content-desc="Inscrições: New content is available" checkable="false" checked="false" clickable="true" enabled="true" focusable="true" focused="false" long-clickable="false" password="false" scrollable="false" selected="false" bounds="[432,1374][576,1410]" displayed="true"&gt;
                          &lt;android.widget.ImageView index="0" package="com.google.android.youtube" class="android.widget.ImageView" text="" resource-id="com.google.android.youtube:id/image" checkable="false" checked="false" clickable="false" enabled="true" focusable="false" focused="false" long-clickable="false" password="false" scrollable="false" selected="false" bounds="[480,1384][528,1410]" displayed="true" /&gt;
                          &lt;android.view.View index="1" package="com.google.android.youtube" class="android.view.View" text="" content-desc="Novo conteúdo disponível" resource-id="com.google.android.youtube:id/new_content_dot" checkable="false" checked="false" clickable="false" enabled="true" focusable="false" focused="false" long-clickable="false" password="false" scrollable="false" selected="false" bounds="[508,1380][532,1404]" displayed="true" /&gt;
                          &lt;android.widget.TextView index="2" package="com.google.android.youtube" class="android.widget.TextView" text="Inscrições" resource-id="com.google.android.youtube:id/text" checkable="false" checked="false" clickable="false" enabled="true" focusable="false" focused="false" long-clickable="false" password="false" scrollable="false" selected="false" bounds="[457,1436][551,1460]" displayed="true" /&gt;
                        &lt;/android.widget.Button&gt;
                        &lt;android.widget.Button index="4" package="com.google.android.youtube" class="android.widget.Button" text="" content-desc="Biblioteca" checkable="false" checked="false" clickable="true" enabled="true" focusable="true" focused="false" long-clickable="false" password="false" scrollable="false" selected="false" bounds="[576,1374][720,1410]" displayed="true"&gt;
                          &lt;android.widget.ImageView index="0" package="com.google.android.youtube" class="android.widget.ImageView" text="" resource-id="com.google.android.youtube:id/image" checkable="false" checked="false" clickable="false" enabled="true" focusable="false" focused="false" long-clickable="false" password="false" scrollable="false" selected="false" bounds="[624,1384][672,1410]" displayed="true" /&gt;
                          &lt;android.widget.TextView index="1" package="com.google.android.youtube" class="android.widget.TextView" text="Biblioteca" resource-id="com.google.android.youtube:id/text" checkable="false" checked="false" clickable="false" enabled="true" focusable="false" focused="false" long-clickable="false" password="false" scrollable="false" selected="false" bounds="[602,1436][694,1460]" displayed="true" /&gt;
                        &lt;/android.widget.Button&gt;
                      &lt;/android.widget.LinearLayout&gt;
                    &lt;/android.widget.HorizontalScrollView&gt;
                  &lt;/android.widget.LinearLayout&gt;
                &lt;/android.widget.FrameLayout&gt;
              &lt;/android.view.ViewGroup&gt;
            &lt;/android.widget.FrameLayout&gt;
          &lt;/android.widget.FrameLayout&gt;
        &lt;/android.widget.LinearLayout&gt;
      &lt;/android.widget.FrameLayout&gt;
    &lt;/android.widget.LinearLayout&gt;
    &lt;android.view.View index="1" package="com.google.android.youtube" class="android.view.View" text="" resource-id="android:id/navigationBarBackground" checkable="false" checked="false" clickable="false" enabled="true" focusable="false" focused="false" long-clickable="false" password="false" scrollable="false" selected="false" bounds="[0,1472][720,1520]" displayed="true" /&gt;
  &lt;/android.widget.FrameLayout&gt;
&lt;/hierarchy&gt;</msg>
<kw name="Capture Page Screenshot" library="AppiumLibrary">
<doc>Takes a screenshot of the current page and embeds it into the log.</doc>
<msg timestamp="20210701 21:55:36.909" level="INFO" html="true">&lt;/td&gt;&lt;/tr&gt;&lt;tr&gt;&lt;td colspan="3"&gt;&lt;a href="appium-screenshot-1.png"&gt;&lt;img src="appium-screenshot-1.png" width="800px"&gt;&lt;/a&gt;</msg>
<status status="PASS" starttime="20210701 21:55:35.732" endtime="20210701 21:55:36.909"/>
</kw>
<msg timestamp="20210701 21:55:36.910" level="FAIL">Element locator 'xpath=/hieraarchy/android.widget.FrameLayout/android.widget.LinearLayout/android.widget.FrameLayout/android.widget.LinearLayout/android.widget.FrameLayout/android.widget.FrameLayout/android.view.ViewGroup/android.widget.FrameLayout[2]/android.view.ViewGroup/android.view.ViewGroup/android.widget.FrameLayout[2]/android.widget.FrameLayout/android.support.v7.widget.RecyclerView/android.view.ViewGroup[3]/android.view.ViewGroup[1]' did not match any elements after 5 seconds</msg>
<status status="FAIL" starttime="20210701 21:55:29.883" endtime="20210701 21:55:36.910"/>
</kw>
<status status="FAIL" starttime="20210701 21:55:29.883" endtime="20210701 21:55:36.911"/>
</kw>
<kw name="Fechar o aplicativo" type="TEARDOWN">
<kw name="Capture Page Screenshot" library="AppiumLibrary">
<doc>Takes a screenshot of the current page and embeds it into the log.</doc>
<msg timestamp="20210701 21:55:38.078" level="INFO" html="true">&lt;/td&gt;&lt;/tr&gt;&lt;tr&gt;&lt;td colspan="3"&gt;&lt;a href="appium-screenshot-2.png"&gt;&lt;img src="appium-screenshot-2.png" width="800px"&gt;&lt;/a&gt;</msg>
<status status="PASS" starttime="20210701 21:55:36.920" endtime="20210701 21:55:38.078"/>
</kw>
<kw name="Close Application" library="AppiumLibrary">
<doc>Closes the current application and also close webdriver session.</doc>
<status status="PASS" starttime="20210701 21:55:38.079" endtime="20210701 21:55:38.995"/>
</kw>
<status status="PASS" starttime="20210701 21:55:36.919" endtime="20210701 21:55:38.995"/>
</kw>
<tag>PESQUISA</tag>
<status status="FAIL" starttime="20210701 21:55:00.255" endtime="20210701 21:55:38.996">Element locator 'xpath=/hieraarchy/android.widget.FrameLayout/android.widget.LinearLayout/android.widget.FrameLayout/android.widget.LinearLayout/android.widget.FrameLayout/android.widget.FrameLayout/android.view.ViewGroup/android.widget.FrameLayout[2]/android.view.ViewGroup/android.view.ViewGroup/android.widget.FrameLayout[2]/android.widget.FrameLayout/android.support.v7.widget.RecyclerView/android.view.ViewGroup[3]/android.view.ViewGroup[1]' did not match any elements after 5 seconds</status>
</test>
<doc>Aqui estarão presentes todos os testes automatizados Mobile Android.</doc>
<status status="FAIL" starttime="20210701 21:54:59.911" endtime="20210701 21:55:39.001"/>
</suite>
<statistics>
<total>
<stat pass="0" fail="1" skip="0">All Tests</stat>
</total>
<tag>
<stat pass="0" fail="1" skip="0">PESQUISA</stat>
</tag>
<suite>
<stat pass="0" fail="1" skip="0" id="s1" name="Mobile Automation">Mobile Automation</stat>
</suite>
</statistics>
<errors>
</errors>
</robot>
